  Building Custom Rule D:/git/seokhwan/sates_cpp/code/sates/CMakeLists.txt
  sates_test_cpp_deploy.cpp
  sates_test_cpp_deploy_internal.cpp
  arg_parser.cpp
  arg_sates_output.cpp
  err_proc.cpp
  stdout_color.cpp
  tc_result.cpp
  tc_result_list.cpp
  tc_result_temporal_storage.cpp
  test_case.cpp
  test_case_list.cpp
  tc_run.cpp
  plain_text_stdout.cpp
  plain_text_writer.cpp
  writer.cpp
  writer_factory.cpp
  xml_writer.cpp
  Generating Code...
  sates.vcxproj -> D:\git\seokhwan\sates_cpp\build_win\bin\Release\sates.lib
